<?xml version="1.0" encoding="UTF-8"?>
<!-- Generated by org.testng.reporters.JUnitReportReporter -->
<testsuite skipped="0" hostname="RAJE" name="speccs.Login01_P1_ValidLogin" tests="1" failures="0" timestamp="12 Aug 2017 05:39:17 GMT" time="31.387" errors="0">
  <testcase name="Login01_P1_ValidLoginM" time="31.387" classname="speccs.Login01_P1_ValidLogin"/>
</testsuite> <!-- speccs.Login01_P1_ValidLogin -->
